
ID2304_195601 23.04
dnn = cnn
traces = 2000
test_data = /Users/allykaminsky/Desktop/598NB/project/DLWF-master/data/open/tor_open_400000w.npz
model_path = /Users/allykaminsky/Desktop/598NB/project/DLWF-master/model_cnn
openw = False
parts = False
seed = 18
cv = 1
minlen = 0
imgdir = ./images_cnn
resdir = ./results_cnn
log = cnn_log.out
datapath = /Users/allykaminsky/Desktop/598NB/project/DLWF-master/data/open/tor_open_200w_2000tr.npz
[lstm]
optimizer = rmsprop
features = 2,
batch_size = 256
nb_layers = 2
nb_epochs = 50
test_split = 0.15
val_split = 0.15
maxlen = 150
[[sgd]]
nesterov = True
lr = 0.001
momentum = 0.9
decay = 0.0
[[rmsprop]]
lr = 0.00100538291317
decay = 0.0
[[1]]
units = 128
dropout = 0.222446158866
activation = tanh
rec_activation = hard_sigmoid
[[2]]
units = 128
dropout = 0.208576523727
activation = tanh
rec_activation = hard_sigmoid
[[adam]]
lr = 0.001
decay = 0.0
[sdae]
optimizer = sgd
features = 2,
batch_size = 32
nb_layers = 3
nb_epochs = 30
test_split = 0.05
val_split = 0.05
maxlen = 5000
[[sgd]]
nesterov = True
lr = 0.001
momentum = 0.9
decay = 0.0
[[1]]
epochs = 50
dec_activation = linear
in_dim = 5000
enc_activation = tanh
out_dim = 1000
optimizer = sgd
dropout = 0.2
batch_size = 128
[[[sgd]]]
lr = 0.001
momentum = 0.9
decay = 0.0
[[3]]
epochs = 10
dec_activation = linear
in_dim = 500
enc_activation = tanh
out_dim = 300
optimizer = sgd
dropout = 0.2
batch_size = 128
[[[sgd]]]
lr = 0.001
momentum = 0.9
decay = 0.0
[[2]]
epochs = 10
dec_activation = linear
in_dim = 700
enc_activation = tanh
out_dim = 500
optimizer = sgd
dropout = 0.2
batch_size = 128
[[[sgd]]]
lr = 0.001
momentum = 0.9
decay = 0.0
[cnn]
optimizer = rmsprop
features = 2,
batch_size = 256
nb_layers = 6
nb_epochs = 10
test_split = 0.05
val_split = 0.05
maxlen = 3000
[[rmsprop]]
lr = 0.00100538291317
decay = 0.0
[[1]]
rate = 0.1
name = dropout
[[3]]
name = maxpooling
pool_size = 4
[[2]]
stride = 1
activation = relu
kernel_size = 5
name = conv
filters = 32
[[5]]
name = maxpooling
pool_size = 4
[[4]]
stride = 1
activation = relu
kernel_size = 5
name = conv
filters = 32
[[6]]
regularization = 0.0
name = dense

ID2304_202101 23.04
dnn = cnn
traces = 2000
test_data = /Users/allykaminsky/Desktop/598NB/project/DLWF-master/data/open/tor_open_400000w.npz
model_path = /Users/allykaminsky/Desktop/598NB/project/DLWF-master/model_cnn
openw = False
parts = False
seed = 18
cv = 1
minlen = 0
imgdir = ./images_cnn
resdir = ./results_cnn
log = cnn_log.out
datapath = /Users/allykaminsky/Desktop/598NB/project/DLWF-master/data/open/tor_open_200w_2000tr.npz
[lstm]
optimizer = rmsprop
features = 2,
batch_size = 256
nb_layers = 2
nb_epochs = 50
test_split = 0.15
val_split = 0.15
maxlen = 150
[[sgd]]
nesterov = True
lr = 0.001
momentum = 0.9
decay = 0.0
[[rmsprop]]
lr = 0.00100538291317
decay = 0.0
[[1]]
units = 128
dropout = 0.222446158866
activation = tanh
rec_activation = hard_sigmoid
[[2]]
units = 128
dropout = 0.208576523727
activation = tanh
rec_activation = hard_sigmoid
[[adam]]
lr = 0.001
decay = 0.0
[sdae]
optimizer = sgd
features = 2,
batch_size = 32
nb_layers = 3
nb_epochs = 30
test_split = 0.05
val_split = 0.05
maxlen = 5000
[[sgd]]
nesterov = True
lr = 0.001
momentum = 0.9
decay = 0.0
[[1]]
epochs = 50
dec_activation = linear
in_dim = 5000
enc_activation = tanh
out_dim = 1000
optimizer = sgd
dropout = 0.2
batch_size = 128
[[[sgd]]]
lr = 0.001
momentum = 0.9
decay = 0.0
[[3]]
epochs = 10
dec_activation = linear
in_dim = 500
enc_activation = tanh
out_dim = 300
optimizer = sgd
dropout = 0.2
batch_size = 128
[[[sgd]]]
lr = 0.001
momentum = 0.9
decay = 0.0
[[2]]
epochs = 10
dec_activation = linear
in_dim = 700
enc_activation = tanh
out_dim = 500
optimizer = sgd
dropout = 0.2
batch_size = 128
[[[sgd]]]
lr = 0.001
momentum = 0.9
decay = 0.0
[cnn]
optimizer = rmsprop
features = 2,
batch_size = 256
nb_layers = 6
nb_epochs = 10
test_split = 0.05
val_split = 0.05
maxlen = 3000
[[rmsprop]]
lr = 0.00100538291317
decay = 0.0
[[1]]
rate = 0.1
name = dropout
[[3]]
name = maxpooling
pool_size = 4
[[2]]
stride = 1
activation = relu
kernel_size = 5
name = conv
filters = 32
[[5]]
name = maxpooling
pool_size = 4
[[4]]
stride = 1
activation = relu
kernel_size = 5
name = conv
filters = 32
[[6]]
regularization = 0.0
name = dense

ID2304_204550 23.04
dnn = cnn
traces = 2000
test_data = /Users/allykaminsky/Desktop/598NB/project/DLWF-master/data/open/tor_open_400000w.npz
model_path = /Users/allykaminsky/Desktop/598NB/project/DLWF-master/model_cnn
openw = False
parts = False
seed = 18
cv = 1
minlen = 0
imgdir = ./images_cnn
resdir = ./results_cnn
log = cnn_log.out
datapath = /Users/allykaminsky/Desktop/598NB/project/DLWF-master/data/open/tor_open_200w_2000tr.npz
[lstm]
optimizer = rmsprop
features = 2,
batch_size = 256
nb_layers = 2
nb_epochs = 50
test_split = 0.15
val_split = 0.15
maxlen = 150
[[sgd]]
nesterov = True
lr = 0.001
momentum = 0.9
decay = 0.0
[[rmsprop]]
lr = 0.00100538291317
decay = 0.0
[[1]]
units = 128
dropout = 0.222446158866
activation = tanh
rec_activation = hard_sigmoid
[[2]]
units = 128
dropout = 0.208576523727
activation = tanh
rec_activation = hard_sigmoid
[[adam]]
lr = 0.001
decay = 0.0
[sdae]
optimizer = sgd
features = 2,
batch_size = 32
nb_layers = 3
nb_epochs = 30
test_split = 0.05
val_split = 0.05
maxlen = 5000
[[sgd]]
nesterov = True
lr = 0.001
momentum = 0.9
decay = 0.0
[[1]]
epochs = 50
dec_activation = linear
in_dim = 5000
enc_activation = tanh
out_dim = 1000
optimizer = sgd
dropout = 0.2
batch_size = 128
[[[sgd]]]
lr = 0.001
momentum = 0.9
decay = 0.0
[[3]]
epochs = 10
dec_activation = linear
in_dim = 500
enc_activation = tanh
out_dim = 300
optimizer = sgd
dropout = 0.2
batch_size = 128
[[[sgd]]]
lr = 0.001
momentum = 0.9
decay = 0.0
[[2]]
epochs = 10
dec_activation = linear
in_dim = 700
enc_activation = tanh
out_dim = 500
optimizer = sgd
dropout = 0.2
batch_size = 128
[[[sgd]]]
lr = 0.001
momentum = 0.9
decay = 0.0
[cnn]
optimizer = rmsprop
features = 2,
batch_size = 256
nb_layers = 6
nb_epochs = 10
test_split = 0.05
val_split = 0.05
maxlen = 3000
[[rmsprop]]
lr = 0.00100538291317
decay = 0.0
[[1]]
rate = 0.1
name = dropout
[[3]]
name = maxpooling
pool_size = 4
[[2]]
stride = 1
activation = relu
kernel_size = 5
name = conv
filters = 32
[[5]]
name = maxpooling
pool_size = 4
[[4]]
stride = 1
activation = relu
kernel_size = 5
name = conv
filters = 32
[[6]]
units = 64
regularization = 0.0
name = dense

ID2304_204648 23.04
dnn = cnn
traces = 2000
test_data = /Users/allykaminsky/Desktop/598NB/project/DLWF-master/data/open/tor_open_400000w.npz
model_path = /Users/allykaminsky/Desktop/598NB/project/DLWF-master/model_cnn
openw = True
parts = False
seed = 18
cv = 1
minlen = 0
imgdir = ./images_cnn
resdir = ./results_cnn
log = cnn_log.out
datapath = /Users/allykaminsky/Desktop/598NB/project/DLWF-master/data/open/tor_open_200w_2000tr.npz
[lstm]
optimizer = rmsprop
features = 2,
batch_size = 256
nb_layers = 2
nb_epochs = 50
test_split = 0.15
val_split = 0.15
maxlen = 150
[[sgd]]
nesterov = True
lr = 0.001
momentum = 0.9
decay = 0.0
[[rmsprop]]
lr = 0.00100538291317
decay = 0.0
[[1]]
units = 128
dropout = 0.222446158866
activation = tanh
rec_activation = hard_sigmoid
[[2]]
units = 128
dropout = 0.208576523727
activation = tanh
rec_activation = hard_sigmoid
[[adam]]
lr = 0.001
decay = 0.0
[sdae]
optimizer = sgd
features = 2,
batch_size = 32
nb_layers = 3
nb_epochs = 30
test_split = 0.05
val_split = 0.05
maxlen = 5000
[[sgd]]
nesterov = True
lr = 0.001
momentum = 0.9
decay = 0.0
[[1]]
epochs = 50
dec_activation = linear
in_dim = 5000
enc_activation = tanh
out_dim = 1000
optimizer = sgd
dropout = 0.2
batch_size = 128
[[[sgd]]]
lr = 0.001
momentum = 0.9
decay = 0.0
[[3]]
epochs = 10
dec_activation = linear
in_dim = 500
enc_activation = tanh
out_dim = 300
optimizer = sgd
dropout = 0.2
batch_size = 128
[[[sgd]]]
lr = 0.001
momentum = 0.9
decay = 0.0
[[2]]
epochs = 10
dec_activation = linear
in_dim = 700
enc_activation = tanh
out_dim = 500
optimizer = sgd
dropout = 0.2
batch_size = 128
[[[sgd]]]
lr = 0.001
momentum = 0.9
decay = 0.0
[cnn]
optimizer = rmsprop
features = 2,
batch_size = 256
nb_layers = 6
nb_epochs = 10
test_split = 0.05
val_split = 0.05
maxlen = 3000
[[rmsprop]]
lr = 0.00100538291317
decay = 0.0
[[1]]
rate = 0.1
name = dropout
[[3]]
name = maxpooling
pool_size = 4
[[2]]
stride = 1
activation = relu
kernel_size = 5
name = conv
filters = 32
[[5]]
name = maxpooling
pool_size = 4
[[4]]
stride = 1
activation = relu
kernel_size = 5
name = conv
filters = 32
[[6]]
units = 64
regularization = 0.0
name = dense

ID2304_204932 23.04
dnn = cnn
traces = 2000
test_data = /Users/allykaminsky/Desktop/598NB/project/DLWF-master/data/open/tor_open_400000w.npz
model_path = /Users/allykaminsky/Desktop/598NB/project/DLWF-master/model_cnn
openw = True
parts = False
seed = 18
cv = 1
minlen = 0
imgdir = ./images_cnn
resdir = ./results_cnn
log = cnn_log.out
datapath = /Users/allykaminsky/Desktop/598NB/project/DLWF-master/data/open/tor_open_200w_2000tr.npz
[lstm]
optimizer = rmsprop
features = 2,
batch_size = 256
nb_layers = 2
nb_epochs = 50
test_split = 0.15
val_split = 0.15
maxlen = 150
[[sgd]]
nesterov = True
lr = 0.001
momentum = 0.9
decay = 0.0
[[rmsprop]]
lr = 0.00100538291317
decay = 0.0
[[1]]
units = 128
dropout = 0.222446158866
activation = tanh
rec_activation = hard_sigmoid
[[2]]
units = 128
dropout = 0.208576523727
activation = tanh
rec_activation = hard_sigmoid
[[adam]]
lr = 0.001
decay = 0.0
[sdae]
optimizer = sgd
features = 2,
batch_size = 32
nb_layers = 3
nb_epochs = 30
test_split = 0.05
val_split = 0.05
maxlen = 5000
[[sgd]]
nesterov = True
lr = 0.001
momentum = 0.9
decay = 0.0
[[1]]
epochs = 50
dec_activation = linear
in_dim = 5000
enc_activation = tanh
out_dim = 1000
optimizer = sgd
dropout = 0.2
batch_size = 128
[[[sgd]]]
lr = 0.001
momentum = 0.9
decay = 0.0
[[3]]
epochs = 10
dec_activation = linear
in_dim = 500
enc_activation = tanh
out_dim = 300
optimizer = sgd
dropout = 0.2
batch_size = 128
[[[sgd]]]
lr = 0.001
momentum = 0.9
decay = 0.0
[[2]]
epochs = 10
dec_activation = linear
in_dim = 700
enc_activation = tanh
out_dim = 500
optimizer = sgd
dropout = 0.2
batch_size = 128
[[[sgd]]]
lr = 0.001
momentum = 0.9
decay = 0.0
[cnn]
optimizer = rmsprop
features = 2,
batch_size = 256
nb_layers = 6
nb_epochs = 10
test_split = 0.05
val_split = 0.05
maxlen = 3000
[[rmsprop]]
lr = 0.00100538291317
decay = 0.0
[[1]]
rate = 0.1
name = dropout
[[3]]
name = maxpooling
pool_size = 4
[[2]]
stride = 1
activation = relu
kernel_size = 5
name = conv
filters = 32
[[5]]
name = maxpooling
pool_size = 4
[[4]]
stride = 1
activation = relu
kernel_size = 5
name = conv
filters = 32
[[6]]
units = 64
regularization = 0.0
name = dense

ID2304_210922 23.04
dnn = cnn
traces = 2000
test_data = /Users/allykaminsky/Desktop/598NB/project/DLWF-master/data/open/tor_open_400000w.npz
model_path = /Users/allykaminsky/Desktop/598NB/project/DLWF-master/model_cnn
openw = True
parts = False
seed = 18
cv = 1
minlen = 0
imgdir = ./images_cnn
resdir = ./results_cnn
log = cnn_log.out
datapath = /Users/allykaminsky/Desktop/598NB/project/DLWF-master/data/open/tor_open_200w_2000tr.npz
[lstm]
optimizer = rmsprop
features = 2,
batch_size = 256
nb_layers = 2
nb_epochs = 50
test_split = 0.15
val_split = 0.15
maxlen = 150
[[sgd]]
nesterov = True
lr = 0.001
momentum = 0.9
decay = 0.0
[[rmsprop]]
lr = 0.00100538291317
decay = 0.0
[[1]]
units = 128
dropout = 0.222446158866
activation = tanh
rec_activation = hard_sigmoid
[[2]]
units = 128
dropout = 0.208576523727
activation = tanh
rec_activation = hard_sigmoid
[[adam]]
lr = 0.001
decay = 0.0
[sdae]
optimizer = sgd
features = 2,
batch_size = 32
nb_layers = 3
nb_epochs = 30
test_split = 0.05
val_split = 0.05
maxlen = 5000
[[sgd]]
nesterov = True
lr = 0.001
momentum = 0.9
decay = 0.0
[[1]]
epochs = 50
dec_activation = linear
in_dim = 5000
enc_activation = tanh
out_dim = 1000
optimizer = sgd
dropout = 0.2
batch_size = 128
[[[sgd]]]
lr = 0.001
momentum = 0.9
decay = 0.0
[[3]]
epochs = 10
dec_activation = linear
in_dim = 500
enc_activation = tanh
out_dim = 300
optimizer = sgd
dropout = 0.2
batch_size = 128
[[[sgd]]]
lr = 0.001
momentum = 0.9
decay = 0.0
[[2]]
epochs = 10
dec_activation = linear
in_dim = 700
enc_activation = tanh
out_dim = 500
optimizer = sgd
dropout = 0.2
batch_size = 128
[[[sgd]]]
lr = 0.001
momentum = 0.9
decay = 0.0
[cnn]
optimizer = rmsprop
features = 2,
test_split = 0.05
val_split = 0.05
nb_layers = 6
batch_size = 256
maxlen = 3000
nb_epochs = 10
[[rmsprop]]
lr = 0.00100538291317
decay = 0.0
[[1]]
rate = 0.1
name = dropout
[[3]]
name = maxpooling
pool_size = 4
[[2]]
stride = 1
activation = relu
kernel_size = 5
name = conv
filters = 32
[[5]]
name = maxpooling
pool_size = 4
[[4]]
stride = 1
activation = relu
kernel_size = 5
name = conv
filters = 32
[[7]]
units = 64
regularization = 0.0
activation = softmax
name = dense
[[6]]
name = flatten

ID2304_210941 23.04
dnn = cnn
traces = 2000
test_data = /Users/allykaminsky/Desktop/598NB/project/DLWF-master/data/open/tor_open_400000w.npz
model_path = /Users/allykaminsky/Desktop/598NB/project/DLWF-master/model_cnn
openw = True
parts = False
seed = 18
cv = 1
minlen = 0
imgdir = ./images_cnn
resdir = ./results_cnn
log = cnn_log.out
datapath = /Users/allykaminsky/Desktop/598NB/project/DLWF-master/data/open/tor_open_200w_2000tr.npz
[lstm]
optimizer = rmsprop
features = 2,
batch_size = 256
nb_layers = 2
nb_epochs = 50
test_split = 0.15
val_split = 0.15
maxlen = 150
[[sgd]]
nesterov = True
lr = 0.001
momentum = 0.9
decay = 0.0
[[rmsprop]]
lr = 0.00100538291317
decay = 0.0
[[1]]
units = 128
dropout = 0.222446158866
activation = tanh
rec_activation = hard_sigmoid
[[2]]
units = 128
dropout = 0.208576523727
activation = tanh
rec_activation = hard_sigmoid
[[adam]]
lr = 0.001
decay = 0.0
[sdae]
optimizer = sgd
features = 2,
batch_size = 32
nb_layers = 3
nb_epochs = 30
test_split = 0.05
val_split = 0.05
maxlen = 5000
[[sgd]]
nesterov = True
lr = 0.001
momentum = 0.9
decay = 0.0
[[1]]
epochs = 50
dec_activation = linear
in_dim = 5000
enc_activation = tanh
out_dim = 1000
optimizer = sgd
dropout = 0.2
batch_size = 128
[[[sgd]]]
lr = 0.001
momentum = 0.9
decay = 0.0
[[3]]
epochs = 10
dec_activation = linear
in_dim = 500
enc_activation = tanh
out_dim = 300
optimizer = sgd
dropout = 0.2
batch_size = 128
[[[sgd]]]
lr = 0.001
momentum = 0.9
decay = 0.0
[[2]]
epochs = 10
dec_activation = linear
in_dim = 700
enc_activation = tanh
out_dim = 500
optimizer = sgd
dropout = 0.2
batch_size = 128
[[[sgd]]]
lr = 0.001
momentum = 0.9
decay = 0.0
[cnn]
optimizer = rmsprop
features = 2,
test_split = 0.05
val_split = 0.05
nb_layers = 6
batch_size = 256
maxlen = 3000
nb_epochs = 10
[[rmsprop]]
lr = 0.00100538291317
decay = 0.0
[[1]]
rate = 0.1
name = dropout
[[3]]
name = maxpooling
pool_size = 4
[[2]]
stride = 1
activation = relu
kernel_size = 5
name = conv
filters = 32
[[5]]
name = maxpooling
pool_size = 4
[[4]]
stride = 1
activation = relu
kernel_size = 5
name = conv
filters = 32
[[7]]
units = 64
regularization = 0.0
activation = softmax
name = dense
[[6]]
name = flatten

ID2304_211221 23.04
dnn = cnn
traces = 2000
test_data = /Users/allykaminsky/Desktop/598NB/project/DLWF-master/data/open/tor_open_400000w.npz
model_path = /Users/allykaminsky/Desktop/598NB/project/DLWF-master/model_cnn
openw = True
parts = False
seed = 18
cv = 1
minlen = 0
imgdir = ./images_cnn
resdir = ./results_cnn
log = cnn_log.out
datapath = /Users/allykaminsky/Desktop/598NB/project/DLWF-master/data/open/tor_open_200w_2000tr.npz
[lstm]
optimizer = rmsprop
features = 2,
batch_size = 256
nb_layers = 2
nb_epochs = 50
test_split = 0.15
val_split = 0.15
maxlen = 150
[[sgd]]
nesterov = True
lr = 0.001
momentum = 0.9
decay = 0.0
[[rmsprop]]
lr = 0.00100538291317
decay = 0.0
[[1]]
units = 128
dropout = 0.222446158866
activation = tanh
rec_activation = hard_sigmoid
[[2]]
units = 128
dropout = 0.208576523727
activation = tanh
rec_activation = hard_sigmoid
[[adam]]
lr = 0.001
decay = 0.0
[sdae]
optimizer = sgd
features = 2,
batch_size = 32
nb_layers = 3
nb_epochs = 30
test_split = 0.05
val_split = 0.05
maxlen = 5000
[[sgd]]
nesterov = True
lr = 0.001
momentum = 0.9
decay = 0.0
[[1]]
epochs = 50
dec_activation = linear
in_dim = 5000
enc_activation = tanh
out_dim = 1000
optimizer = sgd
dropout = 0.2
batch_size = 128
[[[sgd]]]
lr = 0.001
momentum = 0.9
decay = 0.0
[[3]]
epochs = 10
dec_activation = linear
in_dim = 500
enc_activation = tanh
out_dim = 300
optimizer = sgd
dropout = 0.2
batch_size = 128
[[[sgd]]]
lr = 0.001
momentum = 0.9
decay = 0.0
[[2]]
epochs = 10
dec_activation = linear
in_dim = 700
enc_activation = tanh
out_dim = 500
optimizer = sgd
dropout = 0.2
batch_size = 128
[[[sgd]]]
lr = 0.001
momentum = 0.9
decay = 0.0
[cnn]
optimizer = rmsprop
features = 2,
test_split = 0.05
val_split = 0.05
nb_layers = 7
batch_size = 256
maxlen = 3000
nb_epochs = 10
[[rmsprop]]
lr = 0.00100538291317
decay = 0.0
[[1]]
rate = 0.1
name = dropout
[[3]]
name = maxpooling
pool_size = 4
[[2]]
stride = 1
activation = relu
kernel_size = 5
name = conv
filters = 32
[[5]]
name = maxpooling
pool_size = 4
[[4]]
stride = 1
activation = relu
kernel_size = 5
name = conv
filters = 32
[[7]]
units = 64
regularization = 0.0
activation = softmax
name = dense
[[6]]
name = flatten

ID2304_211652 23.04
dnn = cnn
traces = 2000
test_data = /Users/allykaminsky/Desktop/598NB/project/DLWF-master/data/open/tor_open_400000w.npz
model_path = /Users/allykaminsky/Desktop/598NB/project/DLWF-master/model_cnn
openw = True
parts = False
seed = 18
cv = 1
minlen = 0
imgdir = ./images_cnn
resdir = ./results_cnn
log = cnn_log.out
datapath = /Users/allykaminsky/Desktop/598NB/project/DLWF-master/data/open/tor_open_200w_2000tr.npz
[lstm]
optimizer = rmsprop
features = 2,
batch_size = 256
nb_layers = 2
nb_epochs = 50
test_split = 0.15
val_split = 0.15
maxlen = 150
[[sgd]]
nesterov = True
lr = 0.001
momentum = 0.9
decay = 0.0
[[rmsprop]]
lr = 0.00100538291317
decay = 0.0
[[1]]
units = 128
dropout = 0.222446158866
activation = tanh
rec_activation = hard_sigmoid
[[2]]
units = 128
dropout = 0.208576523727
activation = tanh
rec_activation = hard_sigmoid
[[adam]]
lr = 0.001
decay = 0.0
[sdae]
optimizer = sgd
features = 2,
batch_size = 32
nb_layers = 3
nb_epochs = 30
test_split = 0.05
val_split = 0.05
maxlen = 5000
[[sgd]]
nesterov = True
lr = 0.001
momentum = 0.9
decay = 0.0
[[1]]
epochs = 50
dec_activation = linear
in_dim = 5000
enc_activation = tanh
out_dim = 1000
optimizer = sgd
dropout = 0.2
batch_size = 128
[[[sgd]]]
lr = 0.001
momentum = 0.9
decay = 0.0
[[3]]
epochs = 10
dec_activation = linear
in_dim = 500
enc_activation = tanh
out_dim = 300
optimizer = sgd
dropout = 0.2
batch_size = 128
[[[sgd]]]
lr = 0.001
momentum = 0.9
decay = 0.0
[[2]]
epochs = 10
dec_activation = linear
in_dim = 700
enc_activation = tanh
out_dim = 500
optimizer = sgd
dropout = 0.2
batch_size = 128
[[[sgd]]]
lr = 0.001
momentum = 0.9
decay = 0.0
[cnn]
optimizer = rmsprop
features = 2,
test_split = 0.05
val_split = 0.05
nb_layers = 7
batch_size = 256
maxlen = 3000
nb_epochs = 10
[[rmsprop]]
lr = 0.00100538291317
decay = 0.0
[[1]]
rate = 0.1
name = dropout
[[3]]
name = maxpooling
pool_size = 4
[[2]]
stride = 1
activation = relu
kernel_size = 5
name = conv
filters = 32
[[5]]
name = maxpooling
pool_size = 4
[[4]]
stride = 1
activation = relu
kernel_size = 5
name = conv
filters = 32
[[7]]
units = 200
regularization = 0.0
activation = softmax
name = dense
[[6]]
name = flatten

ID2304_224944 23.04
dnn = cnn
traces = 2000
test_data = ./../data/open/tor_open_400000w.npz
model_path = ../model_cnn
openw = True
parts = False
seed = 18
cv = 1
minlen = 0
imgdir = ./images_cnn
resdir = ./results_cnn
log = cnn_log.out
datapath = ./../data/open/tor_open_200w_2000tr.npz
[lstm]
optimizer = rmsprop
features = 2,
batch_size = 256
nb_layers = 2
nb_epochs = 50
test_split = 0.15
val_split = 0.15
maxlen = 150
[[sgd]]
nesterov = True
lr = 0.001
momentum = 0.9
decay = 0.0
[[rmsprop]]
lr = 0.00100538291317
decay = 0.0
[[1]]
units = 128
dropout = 0.222446158866
activation = tanh
rec_activation = hard_sigmoid
[[2]]
units = 128
dropout = 0.208576523727
activation = tanh
rec_activation = hard_sigmoid
[[adam]]
lr = 0.001
decay = 0.0
[sdae]
optimizer = sgd
features = 2,
batch_size = 32
nb_layers = 3
nb_epochs = 30
test_split = 0.05
val_split = 0.05
maxlen = 5000
[[sgd]]
nesterov = True
lr = 0.001
momentum = 0.9
decay = 0.0
[[1]]
epochs = 50
dec_activation = linear
in_dim = 5000
enc_activation = tanh
out_dim = 1000
optimizer = sgd
dropout = 0.2
batch_size = 128
[[[sgd]]]
lr = 0.001
momentum = 0.9
decay = 0.0
[[3]]
epochs = 10
dec_activation = linear
in_dim = 500
enc_activation = tanh
out_dim = 300
optimizer = sgd
dropout = 0.2
batch_size = 128
[[[sgd]]]
lr = 0.001
momentum = 0.9
decay = 0.0
[[2]]
epochs = 10
dec_activation = linear
in_dim = 700
enc_activation = tanh
out_dim = 500
optimizer = sgd
dropout = 0.2
batch_size = 128
[[[sgd]]]
lr = 0.001
momentum = 0.9
decay = 0.0
[cnn]
optimizer = rmsprop
features = 2,
test_split = 0.05
val_split = 0.05
nb_layers = 7
batch_size = 256
maxlen = 3000
nb_epochs = 10
[[rmsprop]]
lr = 0.00100538291317
decay = 0.0
[[1]]
rate = 0.1
name = dropout
[[3]]
name = maxpooling
pool_size = 4
[[2]]
stride = 1
activation = relu
kernel_size = 5
name = conv
filters = 32
[[5]]
name = maxpooling
pool_size = 4
[[4]]
stride = 1
activation = relu
kernel_size = 5
name = conv
filters = 32
[[7]]
units = 200
regularization = 0.0
activation = softmax
name = dense
[[6]]
name = flatten

ID2404_011653 24.04
dnn = sdae
traces = 2000
test_data = ./../data/open/tor_open_400000w.npz
model_path = ../model_cnn
openw = True
parts = False
seed = 18
cv = 1
minlen = 0
imgdir = ./images_sdae
resdir = ./results_sdae
log = sdae_log.out
datapath = ./../data/open/tor_open_200w_2000tr.npz
[lstm]
optimizer = rmsprop
features = 2,
batch_size = 256
nb_layers = 2
nb_epochs = 50
test_split = 0.15
val_split = 0.15
maxlen = 150
[[sgd]]
nesterov = True
lr = 0.001
momentum = 0.9
decay = 0.0
[[rmsprop]]
lr = 0.00100538291317
decay = 0.0
[[1]]
units = 128
dropout = 0.222446158866
activation = tanh
rec_activation = hard_sigmoid
[[2]]
units = 128
dropout = 0.208576523727
activation = tanh
rec_activation = hard_sigmoid
[[adam]]
lr = 0.001
decay = 0.0
[sdae]
optimizer = sgd
features = 2,
batch_size = 32
nb_layers = 3
nb_epochs = 30
test_split = 0.05
val_split = 0.05
maxlen = 5000
[[sgd]]
nesterov = True
lr = 0.001
momentum = 0.9
decay = 0.0
[[1]]
epochs = 50
dec_activation = linear
in_dim = 5000
enc_activation = tanh
out_dim = 1000
optimizer = sgd
dropout = 0.2
batch_size = 128
[[[sgd]]]
lr = 0.001
momentum = 0.9
decay = 0.0
[[3]]
epochs = 10
dec_activation = linear
in_dim = 500
enc_activation = tanh
out_dim = 300
optimizer = sgd
dropout = 0.2
batch_size = 128
[[[sgd]]]
lr = 0.001
momentum = 0.9
decay = 0.0
[[2]]
epochs = 10
dec_activation = linear
in_dim = 700
enc_activation = tanh
out_dim = 500
optimizer = sgd
dropout = 0.2
batch_size = 128
[[[sgd]]]
lr = 0.001
momentum = 0.9
decay = 0.0
[cnn]
optimizer = rmsprop
features = 2,
test_split = 0.05
val_split = 0.05
nb_layers = 7
batch_size = 256
maxlen = 3000
nb_epochs = 10
[[rmsprop]]
lr = 0.00100538291317
decay = 0.0
[[1]]
rate = 0.1
name = dropout
[[3]]
name = maxpooling
pool_size = 4
[[2]]
stride = 1
activation = relu
kernel_size = 5
name = conv
filters = 32
[[5]]
name = maxpooling
pool_size = 4
[[4]]
stride = 1
activation = relu
kernel_size = 5
name = conv
filters = 32
[[7]]
units = 200
regularization = 0.0
activation = softmax
name = dense
[[6]]
name = flatten

ID2504_222055 25.04
dnn = sdae
traces = 2000
test_data = ./../data/open/tor_open_400000w.npz
model_path = ../model_cnn
openw = True
parts = False
seed = 18
cv = 1
minlen = 0
imgdir = ./images_sdae
resdir = ./results_sdae
log = sdae_log.out
datapath = ./../data/open/tor_open_200w_2000tr.npz
[lstm]
optimizer = rmsprop
features = 2,
batch_size = 256
nb_layers = 2
nb_epochs = 50
test_split = 0.15
val_split = 0.15
maxlen = 150
[[sgd]]
nesterov = True
lr = 0.001
momentum = 0.9
decay = 0.0
[[rmsprop]]
lr = 0.00100538291317
decay = 0.0
[[1]]
units = 128
dropout = 0.222446158866
activation = tanh
rec_activation = hard_sigmoid
[[2]]
units = 128
dropout = 0.208576523727
activation = tanh
rec_activation = hard_sigmoid
[[adam]]
lr = 0.001
decay = 0.0
[sdae]
optimizer = sgd
features = 2,
batch_size = 32
nb_layers = 3
nb_epochs = 30
test_split = 0.05
val_split = 0.05
maxlen = 5000
[[sgd]]
nesterov = True
lr = 0.001
momentum = 0.9
decay = 0.0
[[1]]
epochs = 50
dec_activation = linear
in_dim = 5000
enc_activation = tanh
out_dim = 1000
optimizer = sgd
dropout = 0.2
batch_size = 128
[[[sgd]]]
lr = 0.001
momentum = 0.9
decay = 0.0
[[3]]
epochs = 10
dec_activation = linear
in_dim = 500
enc_activation = tanh
out_dim = 300
optimizer = sgd
dropout = 0.2
batch_size = 128
[[[sgd]]]
lr = 0.001
momentum = 0.9
decay = 0.0
[[2]]
epochs = 10
dec_activation = linear
in_dim = 700
enc_activation = tanh
out_dim = 500
optimizer = sgd
dropout = 0.2
batch_size = 128
[[[sgd]]]
lr = 0.001
momentum = 0.9
decay = 0.0
[cnn]
optimizer = rmsprop
features = 2,
test_split = 0.05
val_split = 0.05
nb_layers = 7
batch_size = 256
maxlen = 3000
nb_epochs = 10
[[rmsprop]]
lr = 0.00100538291317
decay = 0.0
[[1]]
rate = 0.1
name = dropout
[[3]]
name = maxpooling
pool_size = 4
[[2]]
stride = 1
activation = relu
kernel_size = 5
name = conv
filters = 32
[[5]]
name = maxpooling
pool_size = 4
[[4]]
stride = 1
activation = relu
kernel_size = 5
name = conv
filters = 32
[[7]]
units = 200
regularization = 0.0
activation = softmax
name = dense
[[6]]
name = flatten
